  [1m[35m (566.8ms)[0m  [1m[35mCREATE DATABASE "xc-project_development" ENCODING = 'unicode'[0m
  ↳ bin/rails:4
  [1m[35m (659.3ms)[0m  [1m[35mCREATE DATABASE "xc-project_test" ENCODING = 'unicode'[0m
  ↳ bin/rails:4
  [1m[35m (70.1ms)[0m  [1m[35mCREATE TABLE "schema_migrations" ("version" character varying NOT NULL PRIMARY KEY)[0m
  ↳ bin/rails:4
  [1m[35m (81.7ms)[0m  [1m[35mCREATE TABLE "ar_internal_metadata" ("key" character varying NOT NULL PRIMARY KEY, "value" character varying, "created_at" timestamp NOT NULL, "updated_at" timestamp NOT NULL)[0m
  ↳ bin/rails:4
  [1m[35m (0.4ms)[0m  [1m[34mSELECT pg_try_advisory_lock(5401306426898299995)[0m
  ↳ bin/rails:4
  [1m[35m (0.9ms)[0m  [1m[34mSELECT "schema_migrations"."version" FROM "schema_migrations" ORDER BY "schema_migrations"."version" ASC[0m
  ↳ bin/rails:4
Migrating to CreateUsers (20220415204315)
  [1m[35m (0.2ms)[0m  [1m[35mBEGIN[0m
  ↳ bin/rails:4
  [1m[35m (67.9ms)[0m  [1m[35mCREATE TABLE "users" ("id" bigserial primary key, "name" character varying NOT NULL)[0m
  ↳ db/migrate/20220415204315_create_users.rb:3
  [1m[36mActiveRecord::SchemaMigration Create (0.3ms)[0m  [1m[32mINSERT INTO "schema_migrations" ("version") VALUES ($1) RETURNING "version"[0m  [["version", "20220415204315"]]
  ↳ bin/rails:4
  [1m[35m (21.1ms)[0m  [1m[35mCOMMIT[0m
  ↳ bin/rails:4
  [1m[36mActiveRecord::InternalMetadata Load (0.2ms)[0m  [1m[34mSELECT  "ar_internal_metadata".* FROM "ar_internal_metadata" WHERE "ar_internal_metadata"."key" = $1 LIMIT $2[0m  [["key", "environment"], ["LIMIT", 1]]
  ↳ bin/rails:4
  [1m[35m (0.1ms)[0m  [1m[35mBEGIN[0m
  ↳ bin/rails:4
  [1m[36mActiveRecord::InternalMetadata Create (0.3ms)[0m  [1m[32mINSERT INTO "ar_internal_metadata" ("key", "value", "created_at", "updated_at") VALUES ($1, $2, $3, $4) RETURNING "key"[0m  [["key", "environment"], ["value", "development"], ["created_at", "2022-04-15 20:45:21.570965"], ["updated_at", "2022-04-15 20:45:21.570965"]]
  ↳ bin/rails:4
  [1m[35m (7.2ms)[0m  [1m[35mCOMMIT[0m
  ↳ bin/rails:4
  [1m[35m (0.2ms)[0m  [1m[34mSELECT pg_advisory_unlock(5401306426898299995)[0m
  ↳ bin/rails:4
  [1m[35m (0.2ms)[0m  [1m[34mSELECT "schema_migrations"."version" FROM "schema_migrations" ORDER BY "schema_migrations"."version" ASC[0m
  ↳ bin/rails:4
  [1m[35m (0.5ms)[0m  [1m[34mSELECT "schema_migrations"."version" FROM "schema_migrations" ORDER BY "schema_migrations"."version" ASC[0m
  ↳ bin/rails:4
  [1m[35m (0.2ms)[0m  [1m[35mBEGIN[0m
  [1m[36mUsers Create (0.6ms)[0m  [1m[32mINSERT INTO "users" ("name") VALUES ($1) RETURNING "id"[0m  [["name", "Sally"]]
  [1m[35m (23.4ms)[0m  [1m[35mCOMMIT[0m
  [1m[36mUsers Load (0.4ms)[0m  [1m[34mSELECT "users".* FROM "users"[0m
  [1m[36mUsers Load (0.1ms)[0m  [1m[34mSELECT  "users".* FROM "users" ORDER BY "users"."id" ASC LIMIT $1[0m  [["LIMIT", 1]]
  [1m[36mUsers Load (0.2ms)[0m  [1m[34mSELECT  "users".* FROM "users" ORDER BY "users"."id" DESC LIMIT $1[0m  [["LIMIT", 1]]
  [1m[36mUsers Load (0.2ms)[0m  [1m[34mSELECT  "users".* FROM "users" WHERE "users"."id" = $1 LIMIT $2[0m  [["id", 1], ["LIMIT", 1]]
  [1m[36mUsers Load (0.6ms)[0m  [1m[34mSELECT  "users".* FROM "users" WHERE "users"."name" = $1 LIMIT $2[0m  [["name", "Anvar"], ["LIMIT", 1]]
  [1m[36mUsers Load (0.6ms)[0m  [1m[34mSELECT  "users".* FROM "users" WHERE "users"."name" = $1 LIMIT $2[0m  [["name", "Sally"], ["LIMIT", 1]]
  [1m[36mUsers Load (0.7ms)[0m  [1m[34mSELECT "users".* FROM "users"[0m
  [1m[35m (0.3ms)[0m  [1m[35mBEGIN[0m
  [1m[36mUsers Create (0.5ms)[0m  [1m[32mINSERT INTO "users" ("name") VALUES ($1) RETURNING "id"[0m  [["name", "Moon"]]
  [1m[35m (16.0ms)[0m  [1m[35mCOMMIT[0m
  [1m[36mUsers Load (0.4ms)[0m  [1m[34mSELECT "users".* FROM "users"[0m
  [1m[35m (0.4ms)[0m  [1m[35mBEGIN[0m
  [1m[35m (0.5ms)[0m  [1m[31mROLLBACK[0m
  [1m[35m (0.2ms)[0m  [1m[35mBEGIN[0m
  [1m[35m (0.2ms)[0m  [1m[31mROLLBACK[0m
  [1m[35m (0.1ms)[0m  [1m[35mBEGIN[0m
  [1m[36mUsers Create (0.4ms)[0m  [1m[32mINSERT INTO "users" ("name") VALUES ($1) RETURNING "id"[0m  [["name", "Lucy"]]
  [1m[35m (19.7ms)[0m  [1m[35mCOMMIT[0m
Started GET "/" for ::1 at 2022-04-15 17:44:15 -0400
  [1m[35m (0.3ms)[0m  [1m[34mSELECT "schema_migrations"."version" FROM "schema_migrations" ORDER BY "schema_migrations"."version" ASC[0m
  ↳ /home/anvar/.rbenv/versions/2.5.1/lib/ruby/gems/2.5.0/gems/activerecord-5.2.7/lib/active_record/log_subscriber.rb:98
Processing by Rails::WelcomeController#index as HTML
  Rendering /home/anvar/.rbenv/versions/2.5.1/lib/ruby/gems/2.5.0/gems/railties-5.2.7/lib/rails/templates/rails/welcome/index.html.erb
  Rendered /home/anvar/.rbenv/versions/2.5.1/lib/ruby/gems/2.5.0/gems/railties-5.2.7/lib/rails/templates/rails/welcome/index.html.erb (2.1ms)
Completed 200 OK in 9ms (Views: 4.6ms | ActiveRecord: 0.0ms)


Started GET "/" for ::1 at 2022-04-15 17:44:25 -0400
Processing by Rails::WelcomeController#index as HTML
  Rendering /home/anvar/.rbenv/versions/2.5.1/lib/ruby/gems/2.5.0/gems/railties-5.2.7/lib/rails/templates/rails/welcome/index.html.erb
  Rendered /home/anvar/.rbenv/versions/2.5.1/lib/ruby/gems/2.5.0/gems/railties-5.2.7/lib/rails/templates/rails/welcome/index.html.erb (1.8ms)
Completed 200 OK in 5ms (Views: 3.8ms | ActiveRecord: 0.0ms)


Started GET "/" for ::1 at 2022-04-15 17:50:59 -0400
Processing by Rails::WelcomeController#index as HTML
  Rendering /home/anvar/.rbenv/versions/2.5.1/lib/ruby/gems/2.5.0/gems/railties-5.2.7/lib/rails/templates/rails/welcome/index.html.erb
  Rendered /home/anvar/.rbenv/versions/2.5.1/lib/ruby/gems/2.5.0/gems/railties-5.2.7/lib/rails/templates/rails/welcome/index.html.erb (2.5ms)
Completed 200 OK in 5ms (Views: 3.4ms | ActiveRecord: 0.0ms)


Started GET "/" for ::1 at 2022-04-15 17:51:13 -0400
Processing by Rails::WelcomeController#index as HTML
  Rendering /home/anvar/.rbenv/versions/2.5.1/lib/ruby/gems/2.5.0/gems/railties-5.2.7/lib/rails/templates/rails/welcome/index.html.erb
  Rendered /home/anvar/.rbenv/versions/2.5.1/lib/ruby/gems/2.5.0/gems/railties-5.2.7/lib/rails/templates/rails/welcome/index.html.erb (2.2ms)
Completed 200 OK in 4ms (Views: 2.9ms | ActiveRecord: 0.0ms)


Started GET "/" for ::1 at 2022-04-15 17:51:26 -0400
Processing by Rails::WelcomeController#index as HTML
  Rendering /home/anvar/.rbenv/versions/2.5.1/lib/ruby/gems/2.5.0/gems/railties-5.2.7/lib/rails/templates/rails/welcome/index.html.erb
  Rendered /home/anvar/.rbenv/versions/2.5.1/lib/ruby/gems/2.5.0/gems/railties-5.2.7/lib/rails/templates/rails/welcome/index.html.erb (3.1ms)
Completed 200 OK in 6ms (Views: 4.8ms | ActiveRecord: 0.0ms)


Started GET "/" for ::1 at 2022-04-15 17:52:18 -0400
  [1m[35m (0.4ms)[0m  [1m[34mSELECT "schema_migrations"."version" FROM "schema_migrations" ORDER BY "schema_migrations"."version" ASC[0m
  ↳ /home/anvar/.rbenv/versions/2.5.1/lib/ruby/gems/2.5.0/gems/activerecord-5.2.7/lib/active_record/log_subscriber.rb:98
Processing by Rails::WelcomeController#index as HTML
  Rendering /home/anvar/.rbenv/versions/2.5.1/lib/ruby/gems/2.5.0/gems/railties-5.2.7/lib/rails/templates/rails/welcome/index.html.erb
  Rendered /home/anvar/.rbenv/versions/2.5.1/lib/ruby/gems/2.5.0/gems/railties-5.2.7/lib/rails/templates/rails/welcome/index.html.erb (2.9ms)
Completed 200 OK in 9ms (Views: 5.2ms | ActiveRecord: 0.0ms)


Started GET "/" for ::1 at 2022-04-15 17:52:27 -0400
Processing by Rails::WelcomeController#index as HTML
  Rendering /home/anvar/.rbenv/versions/2.5.1/lib/ruby/gems/2.5.0/gems/railties-5.2.7/lib/rails/templates/rails/welcome/index.html.erb
  Rendered /home/anvar/.rbenv/versions/2.5.1/lib/ruby/gems/2.5.0/gems/railties-5.2.7/lib/rails/templates/rails/welcome/index.html.erb (2.8ms)
Completed 200 OK in 5ms (Views: 3.9ms | ActiveRecord: 0.0ms)


Started GET "/users/" for ::1 at 2022-04-15 17:56:27 -0400
  [1m[35m (0.4ms)[0m  [1m[34mSELECT "schema_migrations"."version" FROM "schema_migrations" ORDER BY "schema_migrations"."version" ASC[0m
  ↳ /home/anvar/.rbenv/versions/2.5.1/lib/ruby/gems/2.5.0/gems/activerecord-5.2.7/lib/active_record/log_subscriber.rb:98

ActionController::RoutingError - uninitialized constant UsersController:

Started POST "/__better_errors/b305328ad1cd0e71/variables" for ::1 at 2022-04-15 17:56:27 -0400
Started GET "/users/" for ::1 at 2022-04-15 17:59:25 -0400
  [1m[35m (0.3ms)[0m  [1m[34mSELECT "schema_migrations"."version" FROM "schema_migrations" ORDER BY "schema_migrations"."version" ASC[0m
  ↳ /home/anvar/.rbenv/versions/2.5.1/lib/ruby/gems/2.5.0/gems/activerecord-5.2.7/lib/active_record/log_subscriber.rb:98
Processing by UsersController#index as HTML
  [1m[36mUsers Load (0.3ms)[0m  [1m[34mSELECT "users".* FROM "users"[0m
  ↳ app/models/users_controller.rb:4
Completed 200 OK in 13ms (Views: 3.6ms | ActiveRecord: 3.4ms)


Started GET "/users/1" for ::1 at 2022-04-15 17:59:56 -0400

AbstractController::ActionNotFound - The action 'show' could not be found for UsersController:

Started POST "/__better_errors/5fc7bb1e7c46b0d8/variables" for ::1 at 2022-04-15 17:59:56 -0400
Started GET "/users/1" for ::1 at 2022-04-15 18:00:52 -0400
  [1m[35m (0.3ms)[0m  [1m[34mSELECT "schema_migrations"."version" FROM "schema_migrations" ORDER BY "schema_migrations"."version" ASC[0m
  ↳ /home/anvar/.rbenv/versions/2.5.1/lib/ruby/gems/2.5.0/gems/activerecord-5.2.7/lib/active_record/log_subscriber.rb:98
Processing by UsersController#show as HTML
  Parameters: {"id"=>"1"}
  [1m[36mUsers Load (0.2ms)[0m  [1m[34mSELECT  "users".* FROM "users" WHERE "users"."id" = $1 LIMIT $2[0m  [["id", 1], ["LIMIT", 1]]
  ↳ app/models/users_controller.rb:8
Completed 200 OK in 15ms (Views: 0.3ms | ActiveRecord: 3.7ms)


Started GET "/users/2" for ::1 at 2022-04-15 18:00:56 -0400
Processing by UsersController#show as HTML
  Parameters: {"id"=>"2"}
  [1m[36mUsers Load (0.2ms)[0m  [1m[34mSELECT  "users".* FROM "users" WHERE "users"."id" = $1 LIMIT $2[0m  [["id", 2], ["LIMIT", 1]]
  ↳ app/models/users_controller.rb:8
Completed 200 OK in 1ms (Views: 0.2ms | ActiveRecord: 0.2ms)


Started GET "/users/2" for ::1 at 2022-04-15 18:01:27 -0400
Processing by UsersController#show as HTML
  Parameters: {"id"=>"2"}
  [1m[36mUsers Load (0.1ms)[0m  [1m[34mSELECT  "users".* FROM "users" WHERE "users"."id" = $1 LIMIT $2[0m  [["id", 2], ["LIMIT", 1]]
  ↳ app/models/users_controller.rb:8
  Rendering text template
  Rendered text template (0.0ms)
Completed 500 Internal Server Error in 15ms (Views: 3.7ms | ActiveRecord: 3.0ms)



AbstractController::DoubleRenderError - Render and/or redirect were called multiple times in this action. Please note that you may only call render OR redirect, and at most once per action. Also note that neither redirect nor render terminate execution of the action, so if you want to exit an action after redirecting, you need to do something like "redirect_to(...) and return".:
  app/models/users_controller.rb:10:in `show'

Started POST "/__better_errors/bc4185f99dcd7273/variables" for ::1 at 2022-04-15 18:01:27 -0400
Started GET "/users/2" for ::1 at 2022-04-15 18:01:39 -0400
Processing by UsersController#show as HTML
  Parameters: {"id"=>"2"}
  [1m[36mUsers Load (0.2ms)[0m  [1m[34mSELECT  "users".* FROM "users" WHERE "users"."id" = $1 LIMIT $2[0m  [["id", 2], ["LIMIT", 1]]
  ↳ app/models/users_controller.rb:8
Completed 200 OK in 8ms (Views: 0.3ms | ActiveRecord: 3.2ms)


  [1m[36mUsers Load (0.3ms)[0m  [1m[34mSELECT  "users".* FROM "users" ORDER BY "users"."id" ASC LIMIT $1[0m  [["LIMIT", 1]]
Started GET "/users/2" for ::1 at 2022-04-16 09:06:56 -0400
  [1m[35m (0.4ms)[0m  [1m[34mSELECT "schema_migrations"."version" FROM "schema_migrations" ORDER BY "schema_migrations"."version" ASC[0m
  ↳ /home/anvar/.rbenv/versions/2.5.1/lib/ruby/gems/2.5.0/gems/activerecord-5.2.7/lib/active_record/log_subscriber.rb:98

ActionController::RoutingError - undefined method `helper_methods' for ApplicationController:Class
Did you mean?  helper_method
               _helper_methods
               _helper_methods=
               _helper_methods?:

Started POST "/__better_errors/81561aec1567aae0/variables" for ::1 at 2022-04-16 09:06:57 -0400
Started GET "/users/2" for ::1 at 2022-04-16 09:07:21 -0400
Processing by UsersController#show as HTML
  Parameters: {"id"=>"2"}
  [1m[36mUsers Load (1.0ms)[0m  [1m[34mSELECT  "users".* FROM "users" WHERE "users"."id" = $1 LIMIT $2[0m  [["id", 2], ["LIMIT", 1]]
  ↳ app/controllers/users_controller.rb:12
Completed 500 Internal Server Error in 31ms (ActiveRecord: 4.1ms)



NoMethodError - undefined method `session_token' for #<Users id: 2, name: "Moon">:
  app/models/users.rb:26:in `ensure_session_token'
  app/controllers/users_controller.rb:12:in `show'

Started POST "/__better_errors/00e3b086abe63d38/variables" for ::1 at 2022-04-16 09:07:21 -0400
  [1m[35m (0.2ms)[0m  [1m[34mSELECT pg_try_advisory_lock(5401306426898299995)[0m
  ↳ bin/rails:4
  [1m[35m (0.3ms)[0m  [1m[34mSELECT "schema_migrations"."version" FROM "schema_migrations" ORDER BY "schema_migrations"."version" ASC[0m
  ↳ bin/rails:4
Migrating to AddSessionTokenToUsers (20220416131229)
  [1m[35m (0.2ms)[0m  [1m[34mSELECT pg_advisory_unlock(5401306426898299995)[0m
  ↳ bin/rails:4
  [1m[35m (0.4ms)[0m  [1m[34mSELECT "schema_migrations"."version" FROM "schema_migrations" ORDER BY "schema_migrations"."version" ASC[0m
  ↳ bin/rails:4
  [1m[35m (0.2ms)[0m  [1m[34mSELECT pg_try_advisory_lock(5401306426898299995)[0m
  ↳ bin/rails:4
  [1m[35m (0.4ms)[0m  [1m[34mSELECT "schema_migrations"."version" FROM "schema_migrations" ORDER BY "schema_migrations"."version" ASC[0m
  ↳ bin/rails:4
Migrating to AddSessionTokenToUsers (20220416131229)
  [1m[35m (0.2ms)[0m  [1m[35mBEGIN[0m
  ↳ bin/rails:4
  [1m[35m (4.1ms)[0m  [1m[35mALTER TABLE "users" ADD "session_token" character varying NOT NULL[0m
  ↳ db/migrate/20220416131229_add_session_token_to_users.rb:3
  [1m[35m (0.2ms)[0m  [1m[31mROLLBACK[0m
  ↳ bin/rails:4
  [1m[35m (0.2ms)[0m  [1m[34mSELECT pg_advisory_unlock(5401306426898299995)[0m
  ↳ bin/rails:4
  [1m[36mUsers Load (0.5ms)[0m  [1m[34mSELECT "users".* FROM "users"[0m
  [1m[36mUsers Load (0.3ms)[0m  [1m[34mSELECT  "users".* FROM "users" LIMIT $1[0m  [["LIMIT", 11]]
  [1m[36mUsers Load (0.7ms)[0m  [1m[34mSELECT "users".* FROM "users"[0m
  [1m[36mUsers Load (0.7ms)[0m  [1m[34mSELECT "users".* FROM "users"[0m
  [1m[36mUsers Load (0.7ms)[0m  [1m[34mSELECT  "users".* FROM "users" LIMIT $1[0m  [["LIMIT", 11]]
  [1m[36mUsers Load (0.3ms)[0m  [1m[34mSELECT  "users".* FROM "users" WHERE "users"."id" = $1 LIMIT $2[0m  [["id", 1], ["LIMIT", 1]]
  [1m[36mUsers Load (0.6ms)[0m  [1m[34mSELECT  "users".* FROM "users" WHERE "users"."id" = $1 LIMIT $2[0m  [["id", 1], ["LIMIT", 1]]
  [1m[36mUsers Destroy (50.4ms)[0m  [1m[31mDELETE FROM "users"[0m
  [1m[36mUsers Load (0.8ms)[0m  [1m[34mSELECT "users".* FROM "users"[0m
  [1m[35m (0.2ms)[0m  [1m[34mSELECT pg_try_advisory_lock(5401306426898299995)[0m
  ↳ bin/rails:4
  [1m[35m (0.4ms)[0m  [1m[34mSELECT "schema_migrations"."version" FROM "schema_migrations" ORDER BY "schema_migrations"."version" ASC[0m
  ↳ bin/rails:4
Migrating to AddSessionTokenToUsers (20220416131229)
  [1m[35m (0.1ms)[0m  [1m[35mBEGIN[0m
  ↳ bin/rails:4
  [1m[35m (0.3ms)[0m  [1m[35mALTER TABLE "users" ADD "session_token" character varying NOT NULL[0m
  ↳ db/migrate/20220416131229_add_session_token_to_users.rb:3
  [1m[36mActiveRecord::SchemaMigration Create (0.2ms)[0m  [1m[32mINSERT INTO "schema_migrations" ("version") VALUES ($1) RETURNING "version"[0m  [["version", "20220416131229"]]
  ↳ bin/rails:4
  [1m[35m (19.1ms)[0m  [1m[35mCOMMIT[0m
  ↳ bin/rails:4
  [1m[36mActiveRecord::InternalMetadata Load (0.4ms)[0m  [1m[34mSELECT  "ar_internal_metadata".* FROM "ar_internal_metadata" WHERE "ar_internal_metadata"."key" = $1 LIMIT $2[0m  [["key", "environment"], ["LIMIT", 1]]
  ↳ bin/rails:4
  [1m[35m (0.2ms)[0m  [1m[35mBEGIN[0m
  ↳ bin/rails:4
  [1m[35m (0.2ms)[0m  [1m[35mCOMMIT[0m
  ↳ bin/rails:4
  [1m[35m (0.3ms)[0m  [1m[34mSELECT pg_advisory_unlock(5401306426898299995)[0m
  ↳ bin/rails:4
  [1m[35m (0.3ms)[0m  [1m[34mSELECT "schema_migrations"."version" FROM "schema_migrations" ORDER BY "schema_migrations"."version" ASC[0m
  ↳ bin/rails:4
